<?xml version="1.0" encoding="UTF-8"?>
<!-- Generated by org.testng.reporters.JUnitReportReporter -->
<testsuite hostname="DESKTOP-R6157P8" failures="0" tests="2" name="testngAnnotations.testNGAnnotationsSeq" time="0.017" errors="0" timestamp="2022-11-13T10:52:17 IST" skipped="0">
  <testcase classname="testngAnnotations.testNGAnnotationsSeq" name="testCase2" time="0.008"/>
  <system-out>
    <![CDATA[test case 2 executed]]>
  </system-out>
  <testcase classname="testngAnnotations.testNGAnnotationsSeq" name="testCase1" time="0.009"/>
  <system-out>
    <![CDATA[test case 1 executed]]>
  </system-out>
</testsuite> <!-- testngAnnotations.testNGAnnotationsSeq -->
