<?xml version="1.0" encoding="UTF-8"?>
<!-- Generated by org.testng.reporters.JUnitReportReporter -->
<testsuite hostname="DESKTOP-R6157P8" failures="0" tests="2" name="testngParallelExecution.ActiTimeLogin" time="14.443" errors="0" timestamp="2022-11-13T10:29:06 IST" skipped="0">
  <testcase classname="testngParallelExecution.ActiTimeLogin" name="loginToActiTime" time="7.443"/>
  <system-out/>
  <testcase classname="testngParallelExecution.ActiTimeLogin" name="loginToActiTime" time="7.000"/>
  <system-out/>
</testsuite> <!-- testngParallelExecution.ActiTimeLogin -->
