<?xml version="1.0" encoding="UTF-8"?>
<!-- Generated by org.testng.reporters.JUnitReportReporter -->
<testsuite hostname="DESKTOP-R6157P8" failures="0" tests="2" name="testngAnnotations.ActiTimeLogin" time="11.398" errors="0" timestamp="2022-11-14T13:46:23 IST" skipped="0">
  <testcase classname="testngAnnotations.ActiTimeLogin" name="loginToActiTime" time="4.820"/>
  <system-out/>
  <testcase classname="testngAnnotations.ActiTimeLogin" name="logOutFromActiTime" time="6.578"/>
  <system-out/>
</testsuite> <!-- testngAnnotations.ActiTimeLogin -->
