<?xml version="1.0" encoding="UTF-8"?>
<!-- Generated by org.testng.reporters.JUnitReportReporter -->
<testsuite hostname="DESKTOP-R6157P8" failures="0" tests="1" name="testngParallelExecution.Class4" time="9.992" errors="0" timestamp="2022-11-13T10:23:24 IST" skipped="0">
  <testcase classname="testngParallelExecution.Class4" name="gujratTitans" time="9.992"/>
  <system-out/>
</testsuite> <!-- testngParallelExecution.Class4 -->
