<?xml version="1.0" encoding="UTF-8"?>
<!-- Generated by org.testng.reporters.JUnitReportReporter -->
<testsuite hostname="DESKTOP-R6157P8" failures="0" tests="1" name="tesngpack.CheckReports" time="0.015" errors="0" timestamp="2022-11-12T14:00:59 IST" skipped="0">
  <testcase classname="tesngpack.CheckReports" name="checkReport" time="0.015"/>
  <system-out/>
</testsuite> <!-- tesngpack.CheckReports -->
