<?xml version="1.0" encoding="UTF-8"?>
<!-- Generated by org.testng.reporters.JUnitReportReporter -->
<testsuite hostname="DESKTOP-R6157P8" failures="0" tests="10" name="testngflags.TestNGFlagAssignment" time="0.024" errors="0" timestamp="2022-11-12T15:07:12 IST" skipped="0">
  <testcase classname="testngflags.TestNGFlagAssignment" name="b" time="0.002"/>
  <system-out>
    <![CDATA[b method]]>
  </system-out>
  <testcase classname="testngflags.TestNGFlagAssignment" name="j" time="0.001"/>
  <system-out>
    <![CDATA[j method]]>
  </system-out>
  <testcase classname="testngflags.TestNGFlagAssignment" name="a" time="0.012"/>
  <system-out>
    <![CDATA[a method]]>
  </system-out>
  <testcase classname="testngflags.TestNGFlagAssignment" name="g" time="0.002"/>
  <system-out>
    <![CDATA[g method]]>
  </system-out>
  <testcase classname="testngflags.TestNGFlagAssignment" name="s" time="0.001"/>
  <system-out>
    <![CDATA[s method]]>
  </system-out>
  <testcase classname="testngflags.TestNGFlagAssignment" name="z" time="0.002"/>
  <system-out>
    <![CDATA[z method]]>
  </system-out>
  <testcase classname="testngflags.TestNGFlagAssignment" name="x" time="0.001"/>
  <system-out>
    <![CDATA[x method]]>
  </system-out>
  <testcase classname="testngflags.TestNGFlagAssignment" name="d" time="0.001"/>
  <system-out>
    <![CDATA[d method]]>
  </system-out>
  <testcase classname="testngflags.TestNGFlagAssignment" name="k" time="0.001"/>
  <system-out>
    <![CDATA[k method]]>
  </system-out>
  <testcase classname="testngflags.TestNGFlagAssignment" name="w" time="0.001"/>
  <system-out>
    <![CDATA[w method]]>
  </system-out>
</testsuite> <!-- testngflags.TestNGFlagAssignment -->
