<?xml version="1.0" encoding="UTF-8"?>
<!-- Generated by org.testng.reporters.JUnitReportReporter -->
<testsuite hostname="DESKTOP-R6157P8" failures="0" tests="9" name="testngflags.Flag2" time="0.025" errors="0" timestamp="2022-11-12T14:52:04 IST" skipped="0">
  <testcase classname="testngflags.Flag2" name="a" time="0.008"/>
  <system-out>
    <![CDATA[a method]]>
  </system-out>
  <testcase classname="testngflags.Flag2" name="k" time="0.004"/>
  <system-out>
    <![CDATA[k method]]>
  </system-out>
  <testcase classname="testngflags.Flag2" name="g" time="0.002"/>
  <system-out>
    <![CDATA[g method]]>
  </system-out>
  <testcase classname="testngflags.Flag2" name="s" time="0.003"/>
  <system-out>
    <![CDATA[s method]]>
  </system-out>
  <testcase classname="testngflags.Flag2" name="x" time="0.001"/>
  <system-out>
    <![CDATA[x method]]>
  </system-out>
  <testcase classname="testngflags.Flag2" name="z" time="0.002"/>
  <system-out>
    <![CDATA[z method]]>
  </system-out>
  <testcase classname="testngflags.Flag2" name="j" time="0.002"/>
  <system-out>
    <![CDATA[j method]]>
  </system-out>
  <testcase classname="testngflags.Flag2" name="b" time="0.002"/>
  <system-out>
    <![CDATA[b method]]>
  </system-out>
  <testcase classname="testngflags.Flag2" name="w" time="0.001"/>
  <system-out>
    <![CDATA[w method]]>
  </system-out>
</testsuite> <!-- testngflags.Flag2 -->
