<?xml version="1.0" encoding="UTF-8"?>
<!-- Generated by org.testng.reporters.JUnitReportReporter -->
<testsuite hostname="DESKTOP-R6157P8" failures="0" tests="2" name="testngParallelExecution.MethodsParallely" time="0.019" errors="0" timestamp="2022-11-13T10:37:36 IST" skipped="0">
  <testcase classname="testngParallelExecution.MethodsParallely" name="method2" time="0.009"/>
  <system-out>
    <![CDATA[hi i am method 2 : my thread number is  : 19]]>
  </system-out>
  <testcase classname="testngParallelExecution.MethodsParallely" name="method1" time="0.010"/>
  <system-out>
    <![CDATA[hi i am method 1 : my thread number is  : 18]]>
  </system-out>
</testsuite> <!-- testngParallelExecution.MethodsParallely -->
