<?xml version="1.0" encoding="UTF-8"?>
<!-- Generated by org.testng.reporters.JUnitReportReporter -->
<testsuite hostname="DESKTOP-R6157P8" failures="0" tests="2" name="testngflags.Flag1" time="0.011" errors="0" timestamp="2022-11-12T14:48:01 IST" skipped="0">
  <testcase classname="testngflags.Flag1" name="loginToActiTime" time="0.003"/>
  <system-out>
    <![CDATA[loggin in......]]>
  </system-out>
  <testcase classname="testngflags.Flag1" name="Flag2" time="0.008"/>
  <system-out>
    <![CDATA[logging out....]]>
  </system-out>
</testsuite> <!-- testngflags.Flag1 -->
