<?xml version="1.0" encoding="UTF-8"?>
<!-- Generated by org.testng.reporters.JUnitReportReporter -->
<testsuite hostname="DESKTOP-R6157P8" failures="0" tests="1" name="tesngpack.CheckReports3" time="0.010" errors="0" timestamp="2022-11-12T14:06:24 IST" skipped="0">
  <testcase classname="tesngpack.CheckReports3" name="checkReport" time="0.010"/>
  <system-out>
    <![CDATA[suraj]]>
  </system-out>
</testsuite> <!-- tesngpack.CheckReports3 -->
