<?xml version="1.0" encoding="UTF-8"?>
<!-- Generated by org.testng.reporters.JUnitReportReporter -->
<testsuite hostname="DESKTOP-R6157P8" failures="0" tests="6" name="testngflags.Flag8" time="0.015" errors="0" timestamp="2022-11-13T09:38:30 IST" skipped="0">
  <testcase classname="testngflags.Flag8" name="st1" time="0.007"/>
  <system-out>
    <![CDATA[smoke test case 1 executed]]>
  </system-out>
  <testcase classname="testngflags.Flag8" name="st3" time="0.002"/>
  <system-out>
    <![CDATA[smoke test case 3 executed]]>
  </system-out>
  <testcase classname="testngflags.Flag8" name="st6" time="0.001"/>
  <system-out>
    <![CDATA[smoke test case 6 executed]]>
  </system-out>
  <testcase classname="testngflags.Flag8" name="st2" time="0.004"/>
  <system-out>
    <![CDATA[smoke test case 2 executed]]>
  </system-out>
  <testcase classname="testngflags.Flag8" name="st4" time="0.000"/>
  <system-out>
    <![CDATA[smoke test case 4 executed]]>
  </system-out>
  <testcase classname="testngflags.Flag8" name="st5" time="0.001"/>
  <system-out>
    <![CDATA[smoke test case 5 executed]]>
  </system-out>
</testsuite> <!-- testngflags.Flag8 -->
