<?xml version="1.0" encoding="UTF-8"?>
<!-- Generated by org.testng.reporters.JUnitReportReporter -->
<testsuite hostname="DESKTOP-R6157P8" failures="0" tests="2" name="tesngpack.ChooseBrowser" time="10.971" errors="0" timestamp="2022-11-13T09:54:44 IST" skipped="0">
  <testcase classname="tesngpack.ChooseBrowser" name="openBrowser" time="6.544"/>
  <system-out/>
  <testcase classname="tesngpack.ChooseBrowser" name="openBrowser" time="4.427"/>
  <system-out/>
</testsuite> <!-- tesngpack.ChooseBrowser -->
