<?xml version="1.0" encoding="UTF-8"?>
<!-- Generated by org.testng.reporters.JUnitReportReporter -->
<testsuite hostname="DESKTOP-R6157P8" failures="0" tests="1" name="tesngpack.SecondClass" time="0.007" errors="0" timestamp="2022-11-12T14:28:18 IST" skipped="0">
  <testcase classname="tesngpack.SecondClass" name="remo" time="0.007"/>
  <system-out/>
</testsuite> <!-- tesngpack.SecondClass -->
