<?xml version="1.0" encoding="UTF-8"?>
<!-- Generated by org.testng.reporters.JUnitReportReporter -->
<testsuite hostname="DESKTOP-R6157P8" failures="0" tests="1" name="testNGAssertions.AssertionsInTestNg" time="0.014" errors="0" timestamp="2022-11-14T14:04:18 IST" skipped="0">
  <testcase classname="testNGAssertions.AssertionsInTestNg" name="testCase" time="0.014"/>
  <system-out>
    <![CDATA[launch the browser !
enter the url
verify login page title
enter username
enter password
click on login button
verify home page title
create user
create report]]>
  </system-out>
</testsuite> <!-- testNGAssertions.AssertionsInTestNg -->
