<?xml version="1.0" encoding="UTF-8"?>
<!-- Generated by org.testng.reporters.JUnitReportReporter -->
<testsuite hostname="DESKTOP-R6157P8" failures="0" tests="2" name="testngflags.Flag4" time="0.013" errors="0" timestamp="2022-11-12T15:11:45 IST" skipped="1">
  <testcase classname="testngflags.Flag4" name="login" time="0.013"/>
  <system-out>
    <![CDATA[logging in.......]]>
  </system-out>
  <testcase classname="testngflags.Flag4" name="createUser">
    <skipped/>
  </testcase> <!-- createUser -->
  <system-out/>
</testsuite> <!-- testngflags.Flag4 -->
