<?xml version="1.0" encoding="UTF-8"?>
<!-- Generated by org.testng.reporters.JUnitReportReporter -->
<testsuite hostname="DESKTOP-R6157P8" failures="0" tests="3" name="testngflags.Flag6" time="0.013" errors="0" timestamp="2022-11-12T15:22:56 IST" skipped="0">
  <testcase classname="testngflags.Flag6" name="loginMethod" time="0.008"/>
  <system-out>
    <![CDATA[logging in....]]>
  </system-out>
  <testcase classname="testngflags.Flag6" name="createUser" time="0.001"/>
  <system-out>
    <![CDATA[creating user....]]>
  </system-out>
  <testcase classname="testngflags.Flag6" name="logoutMethod" time="0.004"/>
  <system-out>
    <![CDATA[logging out....]]>
  </system-out>
</testsuite> <!-- testngflags.Flag6 -->
