<?xml version="1.0" encoding="UTF-8"?>
<!-- Generated by org.testng.reporters.JUnitReportReporter -->
<testsuite hostname="DESKTOP-R6157P8" failures="0" tests="2" name="tesngpack.ActiTimeLogin" time="7.270" errors="0" timestamp="2022-11-13T10:07:33 IST" skipped="0">
  <testcase classname="tesngpack.ActiTimeLogin" name="loginToActiTime" time="3.819"/>
  <system-out/>
  <testcase classname="tesngpack.ActiTimeLogin" name="loginToActiTime" time="3.451"/>
  <system-out/>
</testsuite> <!-- tesngpack.ActiTimeLogin -->
