<?xml version="1.0" encoding="UTF-8"?>
<!-- Generated by org.testng.reporters.JUnitReportReporter -->
<testsuite hostname="DESKTOP-R6157P8" failures="0" tests="3" name="testngflags.Flag3" time="0.027" errors="0" timestamp="2022-11-12T14:55:56 IST" skipped="0">
  <testcase classname="testngflags.Flag3" name="loginMethod" time="0.024"/>
  <system-out>
    <![CDATA[logging in....]]>
  </system-out>
  <testcase classname="testngflags.Flag3" name="createUser" time="0.001"/>
  <system-out>
    <![CDATA[creating user....]]>
  </system-out>
  <testcase classname="testngflags.Flag3" name="logoutMethod" time="0.002"/>
  <system-out>
    <![CDATA[logging out....]]>
  </system-out>
</testsuite> <!-- testngflags.Flag3 -->
