<?xml version="1.0" encoding="UTF-8"?>
<!-- Generated by org.testng.reporters.JUnitReportReporter -->
<testsuite hostname="DESKTOP-R6157P8" failures="0" tests="1" name="tesngpack.ThirdClass" time="0.006" errors="0" timestamp="2022-11-12T14:25:44 IST" skipped="0">
  <testcase classname="tesngpack.ThirdClass" name="sumo" time="0.006"/>
  <system-out/>
</testsuite> <!-- tesngpack.ThirdClass -->
