<?xml version="1.0" encoding="UTF-8"?>
<!-- Generated by org.testng.reporters.JUnitReportReporter -->
<testsuite hostname="DESKTOP-R6157P8" failures="0" tests="1" name="tesngpack.CheckReport2" time="0.009" errors="0" timestamp="2022-11-12T14:04:01 IST" skipped="0">
  <testcase classname="tesngpack.CheckReport2" name="checkReport" time="0.009"/>
  <system-out>
    <![CDATA[suraj]]>
  </system-out>
</testsuite> <!-- tesngpack.CheckReport2 -->
